
v6.7 - 2013.10.11
修改严重错误


v6.6 - 2013.9.27
修改大量问题



v6.5 - 2013.9.13
增加基于角色的权限管理
管理员
代维
故障
号线
集响
监控
交换
数据
传输<权限未添加>

全面更新页面


v6.2 - 2013.9.10
更新端口更新功能，增加ont_id修改支持。
bug：无法正常更新used_ont_ports !

v6.1 - 2013.9.6
导入资源表时自动更新临时表：update_area_jx,update_jx_sbh
自助修改密码功能
增加了诸多填写限制

v6.0 - 2013.9.5
新建临时表area_jx, jx_sbh数据更新，在编辑用户信息时能自动填充机房，设备号，横列等。
+预拆机
+拆机（支持FTTH ont端口更新）
+所有操作日志记录到 log表，建议备份清空！
TASK：权限问题！


v5.5 - 2013.8.29
+用户信息编辑（新增临时表area_jx, jx_sbh ,需要定时更新！）
需要新建定时器/测试：AD系统定时更新

v5.1 - 2013.8.28
TASK:导入用户资料未判断<jid, ONT端口号>是否重复。
机房信息导入OK
用户信息导入OK

v5.0 - 2013.5.13
机房信息导入增加ont端口资源
用户信息导入增加ont端口号，并更新ont端口资源
删除指定机房信息，可设定不能删除已经占有的端口
 
v4.8 - 2013.4.19
指定AD用户资料导出*(根据指定产品号码/用户帐号列表导出) 增加导出 ‘网管设备端口’ //还原网管原始 板-槽-端口 格式，不同类型设备格式不同’
增加报表：空闲AD端口查询(配号用)

v4.5 - 2013.2.5


v3.5.1 - 2011.6.10
语音端口查询增加群号显示, 群号，反极条件，
优化语音端口查询显示
增加新旧产品号码映射查询支持

v3.5.0 - 2011.6.9
新增 语音端口查询（PSTN）
新增 语音端口查询（NGN）
log4j不记录调试信息:  log4j.rootLogger=info, CONSOLE, ROLLING_FILE